2025-03-18 01:23:07,733 - __main__ - INFO - Initialized W&B monitoring: manifold-deep-learning/sphere-5d-20250318-012305
2025-03-18 01:23:08,145 - __main__ - INFO - Dataset visualization saved to ./results/visualizations/dataset.png
2025-03-18 01:23:08,737 - __main__ - INFO - Initialized RicciFlow with 10 iterations, lr=0.01, device=cpu, is_spacetime=True
2025-03-18 17:43:35,269 - src.path_analysis - INFO - Initialized W&B monitoring: manifold-deep-learning/sphere-5d-20250318-174333
2025-03-18 17:43:35,714 - src.path_analysis - INFO - Dataset visualization saved to ./results/visualizations/dataset.png
2025-03-18 17:43:36,245 - src.path_analysis - INFO - Initialized RicciFlow with 10 iterations, lr=0.01, device=cpu, is_spacetime=True
2025-03-18 17:43:39,232 - src.path_analysis - INFO - Epoch 1/50, Batch 0/63, Loss: 1.593028
2025-03-18 17:43:39,994 - src.path_analysis - INFO - Epoch 1 completed, Average Loss: 0.025286
2025-03-18 17:43:42,560 - src.path_analysis - INFO - Epoch 2 completed, Average Loss: 0.000000
2025-03-18 17:43:46,002 - src.path_analysis - INFO - Epoch 3 completed, Average Loss: 0.000000
2025-03-18 17:43:48,713 - src.path_analysis - INFO - Epoch 4 completed, Average Loss: 0.000000
2025-03-18 17:43:51,362 - src.path_analysis - INFO - Epoch 5 completed, Average Loss: 0.000000
2025-03-18 17:43:51,552 - src.path_analysis - INFO - Checkpoint saved to ./results/checkpoints/model_epoch_5_step_1.pt
2025-03-18 17:43:54,147 - src.path_analysis - INFO - Epoch 6 completed, Average Loss: 0.000000
2025-03-18 17:43:56,756 - src.path_analysis - INFO - Epoch 7 completed, Average Loss: 0.000000
2025-03-18 17:43:59,947 - src.path_analysis - INFO - Epoch 8 completed, Average Loss: 0.000000
2025-03-18 17:44:04,387 - src.path_analysis - INFO - Epoch 9 completed, Average Loss: 0.000000
2025-03-18 17:44:07,084 - src.path_analysis - INFO - Epoch 10 completed, Average Loss: 0.000000
2025-03-18 17:44:07,245 - src.path_analysis - INFO - Checkpoint saved to ./results/checkpoints/model_epoch_10_step_1.pt
2025-03-18 17:45:34,967 - src.path_analysis - INFO - Initialized W&B monitoring: manifold-deep-learning/sphere-5d-20250318-174533
2025-03-18 17:45:35,300 - src.path_analysis - INFO - Dataset visualization saved to ./results/visualizations/dataset.png
2025-03-18 17:45:35,727 - src.path_analysis - INFO - Initialized RicciFlow with 10 iterations, lr=0.01, device=cpu, is_spacetime=True
2025-03-18 17:45:38,277 - src.path_analysis - INFO - Epoch 1/50, Batch 0/63, Loss: 1.542912
2025-03-18 17:45:38,974 - src.path_analysis - INFO - Epoch 1 completed, Average Loss: 0.024491
2025-03-18 17:45:41,652 - src.path_analysis - INFO - Epoch 2 completed, Average Loss: 0.000000
2025-03-18 17:45:44,223 - src.path_analysis - INFO - Epoch 3 completed, Average Loss: 0.000000
2025-03-18 17:45:46,754 - src.path_analysis - INFO - Epoch 4 completed, Average Loss: 0.000000
2025-03-18 17:45:49,369 - src.path_analysis - INFO - Epoch 5 completed, Average Loss: 0.000000
2025-03-18 17:45:49,551 - src.path_analysis - INFO - Checkpoint saved to ./results/checkpoints/model_epoch_5_step_1.pt
2025-03-18 17:45:52,179 - src.path_analysis - INFO - Epoch 6 completed, Average Loss: 0.000000
2025-03-18 19:02:38,482 - src.path_analysis - INFO - Initialized W&B monitoring: manifold-deep-learning/sphere-5d-20250318-190236
2025-03-18 19:09:03,649 - src.path_analysis - INFO - Initialized W&B monitoring: manifold-deep-learning/sphere-5d-20250318-190902
2025-03-18 19:09:04,123 - src.path_analysis - INFO - Dataset visualization saved to ./results/visualizations/dataset.png
2025-03-18 19:09:04,733 - src.path_analysis - INFO - Initialized RicciFlow with 10 iterations, lr=0.01, device=cpu, is_spacetime=True
2025-03-18 19:09:09,640 - src.path_analysis - INFO - Epoch 1/50, Batch 0/63, Loss: 1.204078
2025-03-18 19:09:12,475 - src.path_analysis - INFO - Epoch 1/50, Batch 10/63, Loss: 0.840444
2025-03-18 19:09:13,015 - src.path_analysis - INFO - Epoch 1/50, Batch 20/63, Loss: 0.679609
2025-03-18 19:09:13,560 - src.path_analysis - INFO - Epoch 1/50, Batch 30/63, Loss: 0.702537
2025-03-18 19:09:14,124 - src.path_analysis - INFO - Epoch 1/50, Batch 40/63, Loss: 0.556536
2025-03-18 19:09:14,668 - src.path_analysis - INFO - Epoch 1/50, Batch 50/63, Loss: 0.574431
2025-03-18 19:09:15,217 - src.path_analysis - INFO - Epoch 1/50, Batch 60/63, Loss: 0.529029
2025-03-18 19:09:15,807 - src.path_analysis - INFO - Epoch 1 completed, Average Loss: 0.703184
2025-03-18 19:09:18,540 - src.path_analysis - INFO - Epoch 2/50, Batch 0/63, Loss: 0.502002
2025-03-18 19:09:19,342 - src.path_analysis - INFO - Epoch 2/50, Batch 10/63, Loss: 0.600502
2025-03-18 19:09:19,915 - src.path_analysis - INFO - Epoch 2/50, Batch 20/63, Loss: 0.546853
2025-03-18 19:09:20,492 - src.path_analysis - INFO - Epoch 2/50, Batch 30/63, Loss: 0.453711
2025-03-18 19:09:21,841 - src.path_analysis - INFO - Epoch 2/50, Batch 40/63, Loss: 0.480362
2025-03-18 19:09:23,717 - src.path_analysis - INFO - Epoch 2/50, Batch 50/63, Loss: 0.453647
2025-03-18 19:09:25,777 - src.path_analysis - INFO - Epoch 2/50, Batch 60/63, Loss: 0.621768
2025-03-18 19:09:26,883 - src.path_analysis - INFO - Epoch 2 completed, Average Loss: 0.504082
2025-03-18 19:09:29,686 - src.path_analysis - INFO - Epoch 3/50, Batch 0/63, Loss: 0.389649
2025-03-18 19:09:30,378 - src.path_analysis - INFO - Epoch 3/50, Batch 10/63, Loss: 0.452213
2025-03-18 19:09:31,178 - src.path_analysis - INFO - Epoch 3/50, Batch 20/63, Loss: 0.444035
2025-03-18 19:09:31,737 - src.path_analysis - INFO - Epoch 3/50, Batch 30/63, Loss: 0.375125
2025-03-18 19:09:32,322 - src.path_analysis - INFO - Epoch 3/50, Batch 40/63, Loss: 0.571781
2025-03-18 19:09:32,920 - src.path_analysis - INFO - Epoch 3/50, Batch 50/63, Loss: 0.374958
2025-03-18 19:09:33,651 - src.path_analysis - INFO - Epoch 3/50, Batch 60/63, Loss: 0.505013
2025-03-18 19:09:34,310 - src.path_analysis - INFO - Epoch 3 completed, Average Loss: 0.434328
2025-03-18 19:09:37,595 - src.path_analysis - INFO - Epoch 4/50, Batch 0/63, Loss: 0.437606
2025-03-18 19:09:38,385 - src.path_analysis - INFO - Epoch 4/50, Batch 10/63, Loss: 0.488533
2025-03-18 19:09:40,118 - src.path_analysis - INFO - Epoch 4/50, Batch 20/63, Loss: 0.379611
2025-03-18 19:09:40,868 - src.path_analysis - INFO - Epoch 4/50, Batch 30/63, Loss: 0.368496
2025-03-18 19:09:42,033 - src.path_analysis - INFO - Epoch 4/50, Batch 40/63, Loss: 0.463580
2025-03-18 19:09:42,606 - src.path_analysis - INFO - Epoch 4/50, Batch 50/63, Loss: 0.492141
2025-03-18 19:09:43,197 - src.path_analysis - INFO - Epoch 4/50, Batch 60/63, Loss: 0.364139
2025-03-18 19:09:44,099 - src.path_analysis - INFO - Epoch 4 completed, Average Loss: 0.391172
2025-03-18 19:09:46,601 - src.path_analysis - INFO - Epoch 5/50, Batch 0/63, Loss: 0.366471
2025-03-18 19:09:47,297 - src.path_analysis - INFO - Epoch 5/50, Batch 10/63, Loss: 0.310799
2025-03-18 19:09:47,828 - src.path_analysis - INFO - Epoch 5/50, Batch 20/63, Loss: 0.260569
2025-03-18 19:09:48,377 - src.path_analysis - INFO - Epoch 5/50, Batch 30/63, Loss: 0.282483
2025-03-18 19:09:49,048 - src.path_analysis - INFO - Epoch 5/50, Batch 40/63, Loss: 0.266428
2025-03-18 19:09:49,708 - src.path_analysis - INFO - Epoch 5/50, Batch 50/63, Loss: 0.346227
2025-03-18 19:09:50,374 - src.path_analysis - INFO - Epoch 5/50, Batch 60/63, Loss: 0.389658
2025-03-18 19:09:50,916 - src.path_analysis - INFO - Epoch 5 completed, Average Loss: 0.336725
2025-03-18 19:09:51,134 - src.path_analysis - INFO - Checkpoint saved to ./results/checkpoints/model_epoch_5_step_315.pt
2025-03-18 19:09:53,891 - src.path_analysis - INFO - Epoch 6/50, Batch 0/63, Loss: 0.353282
2025-03-18 19:09:54,450 - src.path_analysis - INFO - Epoch 6/50, Batch 10/63, Loss: 0.408877
2025-03-18 19:09:55,002 - src.path_analysis - INFO - Epoch 6/50, Batch 20/63, Loss: 0.329492
2025-03-18 19:09:55,550 - src.path_analysis - INFO - Epoch 6/50, Batch 30/63, Loss: 0.348889
2025-03-18 19:09:56,093 - src.path_analysis - INFO - Epoch 6/50, Batch 40/63, Loss: 0.244305
2025-03-18 19:09:56,634 - src.path_analysis - INFO - Epoch 6/50, Batch 50/63, Loss: 0.342180
2025-03-18 19:09:57,183 - src.path_analysis - INFO - Epoch 6/50, Batch 60/63, Loss: 0.216800
2025-03-18 19:09:57,695 - src.path_analysis - INFO - Epoch 6 completed, Average Loss: 0.351762
2025-03-18 19:09:59,969 - src.path_analysis - INFO - Epoch 7/50, Batch 0/63, Loss: 0.250823
2025-03-18 19:10:00,654 - src.path_analysis - INFO - Epoch 7/50, Batch 10/63, Loss: 0.388697
2025-03-18 19:10:01,311 - src.path_analysis - INFO - Epoch 7/50, Batch 20/63, Loss: 0.343508
2025-03-18 19:10:01,864 - src.path_analysis - INFO - Epoch 7/50, Batch 30/63, Loss: 0.416735
2025-03-18 19:10:02,402 - src.path_analysis - INFO - Epoch 7/50, Batch 40/63, Loss: 0.223948
2025-03-18 19:10:02,943 - src.path_analysis - INFO - Epoch 7/50, Batch 50/63, Loss: 0.205168
2025-03-18 19:10:03,480 - src.path_analysis - INFO - Epoch 7/50, Batch 60/63, Loss: 0.439676
2025-03-18 19:10:04,244 - src.path_analysis - INFO - Epoch 7 completed, Average Loss: 0.333011
2025-03-18 19:10:06,546 - src.path_analysis - INFO - Epoch 8/50, Batch 0/63, Loss: 0.321148
2025-03-18 19:10:07,253 - src.path_analysis - INFO - Epoch 8/50, Batch 10/63, Loss: 0.348833
2025-03-18 19:10:07,788 - src.path_analysis - INFO - Epoch 8/50, Batch 20/63, Loss: 0.280950
2025-03-18 19:10:08,407 - src.path_analysis - INFO - Epoch 8/50, Batch 30/63, Loss: 0.384890
2025-03-18 19:10:09,157 - src.path_analysis - INFO - Epoch 8/50, Batch 40/63, Loss: 0.322258
2025-03-18 19:10:09,740 - src.path_analysis - INFO - Epoch 8/50, Batch 50/63, Loss: 0.343777
2025-03-18 19:10:10,370 - src.path_analysis - INFO - Epoch 8/50, Batch 60/63, Loss: 0.356343
2025-03-18 19:10:10,907 - src.path_analysis - INFO - Epoch 8 completed, Average Loss: 0.320567
2025-03-18 19:10:13,374 - src.path_analysis - INFO - Epoch 9/50, Batch 0/63, Loss: 0.250859
2025-03-18 19:10:14,068 - src.path_analysis - INFO - Epoch 9/50, Batch 10/63, Loss: 0.473411
2025-03-18 19:10:14,614 - src.path_analysis - INFO - Epoch 9/50, Batch 20/63, Loss: 0.303541
2025-03-18 19:10:15,182 - src.path_analysis - INFO - Epoch 9/50, Batch 30/63, Loss: 0.305132
2025-03-18 19:10:15,736 - src.path_analysis - INFO - Epoch 9/50, Batch 40/63, Loss: 0.357345
2025-03-18 19:10:16,308 - src.path_analysis - INFO - Epoch 9/50, Batch 50/63, Loss: 0.227227
2025-03-18 19:10:17,012 - src.path_analysis - INFO - Epoch 9/50, Batch 60/63, Loss: 0.233422
2025-03-18 19:10:18,057 - src.path_analysis - INFO - Epoch 9 completed, Average Loss: 0.335414
2025-03-18 19:10:20,457 - src.path_analysis - INFO - Epoch 10/50, Batch 0/63, Loss: 0.258079
2025-03-18 19:10:22,386 - src.path_analysis - INFO - Epoch 10/50, Batch 10/63, Loss: 0.267324
2025-03-18 19:10:23,243 - src.path_analysis - INFO - Epoch 10/50, Batch 20/63, Loss: 0.275800
2025-03-18 19:10:23,883 - src.path_analysis - INFO - Epoch 10/50, Batch 30/63, Loss: 0.403745
2025-03-18 19:10:24,595 - src.path_analysis - INFO - Epoch 10/50, Batch 40/63, Loss: 0.385092
2025-03-18 19:10:25,207 - src.path_analysis - INFO - Epoch 10/50, Batch 50/63, Loss: 0.400902
2025-03-18 19:10:25,772 - src.path_analysis - INFO - Epoch 10/50, Batch 60/63, Loss: 0.323719
2025-03-18 19:10:26,394 - src.path_analysis - INFO - Epoch 10 completed, Average Loss: 0.323578
2025-03-18 19:10:26,601 - src.path_analysis - INFO - Checkpoint saved to ./results/checkpoints/model_epoch_10_step_630.pt
2025-03-18 19:10:27,669 - src.path_analysis - INFO - Geodesic visualization saved to ./results/visualizations/geodesics_epoch_10.png
2025-03-18 19:10:31,329 - src.path_analysis - INFO - Epoch 11/50, Batch 0/63, Loss: 0.274702
2025-03-18 19:10:31,903 - src.path_analysis - INFO - Epoch 11/50, Batch 10/63, Loss: 0.278203
2025-03-18 19:10:32,651 - src.path_analysis - INFO - Epoch 11/50, Batch 20/63, Loss: 0.383648
2025-03-18 19:10:33,322 - src.path_analysis - INFO - Epoch 11/50, Batch 30/63, Loss: 0.190189
2025-03-18 19:10:33,956 - src.path_analysis - INFO - Epoch 11/50, Batch 40/63, Loss: 0.318488
2025-03-18 19:10:34,792 - src.path_analysis - INFO - Epoch 11/50, Batch 50/63, Loss: 0.228449
2025-03-18 19:10:35,391 - src.path_analysis - INFO - Epoch 11/50, Batch 60/63, Loss: 0.288371
2025-03-18 19:10:36,126 - src.path_analysis - INFO - Epoch 11 completed, Average Loss: 0.308767
2025-03-18 19:10:39,544 - src.path_analysis - INFO - Epoch 12/50, Batch 0/63, Loss: 0.275725
2025-03-18 19:10:40,558 - src.path_analysis - INFO - Epoch 12/50, Batch 10/63, Loss: 0.246133
2025-03-18 19:10:41,612 - src.path_analysis - INFO - Epoch 12/50, Batch 20/63, Loss: 0.341638
2025-03-18 19:14:41,064 - src.path_analysis - INFO - Initialized W&B monitoring: manifold-deep-learning/sphere-5d-20250318-191439
2025-03-18 19:14:41,563 - src.path_analysis - INFO - Dataset visualization saved to ./results/visualizations/dataset.png
2025-03-18 19:14:42,129 - src.path_analysis - INFO - Initialized RicciFlow with 10 iterations, lr=0.01, device=cpu, is_spacetime=True
2025-03-18 19:14:46,140 - src.path_analysis - INFO - Epoch 1/50, Batch 0/63, Loss: 1.451312
2025-03-18 19:14:50,225 - src.path_analysis - INFO - Epoch 1/50, Batch 10/63, Loss: 0.812150
2025-03-18 19:14:52,015 - src.path_analysis - INFO - Epoch 1/50, Batch 20/63, Loss: 0.768863
2025-03-18 19:14:52,873 - src.path_analysis - INFO - Epoch 1/50, Batch 30/63, Loss: 0.627740
2025-03-18 19:14:53,558 - src.path_analysis - INFO - Epoch 1/50, Batch 40/63, Loss: 0.485050
2025-03-18 19:14:54,230 - src.path_analysis - INFO - Epoch 1/50, Batch 50/63, Loss: 0.522215
2025-03-18 19:14:54,864 - src.path_analysis - INFO - Epoch 1/50, Batch 60/63, Loss: 0.539828
2025-03-18 19:14:55,645 - src.path_analysis - INFO - Epoch 1 completed, Average Loss: 0.735787
2025-03-18 19:14:58,674 - src.path_analysis - INFO - Epoch 2/50, Batch 0/63, Loss: 0.551850
2025-03-18 19:14:59,655 - src.path_analysis - INFO - Epoch 2/50, Batch 10/63, Loss: 0.455205
2025-03-18 19:15:00,315 - src.path_analysis - INFO - Epoch 2/50, Batch 20/63, Loss: 0.494167
2025-03-18 19:15:01,023 - src.path_analysis - INFO - Epoch 2/50, Batch 30/63, Loss: 0.559695
2025-03-18 19:15:01,697 - src.path_analysis - INFO - Epoch 2/50, Batch 40/63, Loss: 0.440669
2025-03-18 19:15:02,346 - src.path_analysis - INFO - Epoch 2/50, Batch 50/63, Loss: 0.571657
2025-03-18 19:15:02,993 - src.path_analysis - INFO - Epoch 2/50, Batch 60/63, Loss: 0.412330
2025-03-18 19:15:04,025 - src.path_analysis - INFO - Epoch 2 completed, Average Loss: 0.486108
2025-03-18 19:15:06,665 - src.path_analysis - INFO - Epoch 3/50, Batch 0/63, Loss: 0.471971
2025-03-18 19:15:07,446 - src.path_analysis - INFO - Epoch 3/50, Batch 10/63, Loss: 0.461812
2025-03-18 19:15:08,087 - src.path_analysis - INFO - Epoch 3/50, Batch 20/63, Loss: 0.540938
2025-03-18 19:15:08,823 - src.path_analysis - INFO - Epoch 3/50, Batch 30/63, Loss: 0.476646
2025-03-18 19:15:09,498 - src.path_analysis - INFO - Epoch 3/50, Batch 40/63, Loss: 0.516811
2025-03-18 19:15:10,343 - src.path_analysis - INFO - Epoch 3/50, Batch 50/63, Loss: 0.353116
2025-03-18 19:15:11,336 - src.path_analysis - INFO - Epoch 3/50, Batch 60/63, Loss: 0.303098
2025-03-18 19:15:11,961 - src.path_analysis - INFO - Epoch 3 completed, Average Loss: 0.429643
2025-03-18 19:15:14,774 - src.path_analysis - INFO - Epoch 4/50, Batch 0/63, Loss: 0.386387
2025-03-18 19:15:15,560 - src.path_analysis - INFO - Epoch 4/50, Batch 10/63, Loss: 0.335489
2025-03-18 19:15:16,223 - src.path_analysis - INFO - Epoch 4/50, Batch 20/63, Loss: 0.407966
2025-03-18 19:15:16,960 - src.path_analysis - INFO - Epoch 4/50, Batch 30/63, Loss: 0.395464
2025-03-18 19:15:17,885 - src.path_analysis - INFO - Epoch 4/50, Batch 40/63, Loss: 0.424555
2025-03-18 19:15:18,738 - src.path_analysis - INFO - Epoch 4/50, Batch 50/63, Loss: 0.318690
2025-03-18 19:15:19,513 - src.path_analysis - INFO - Epoch 4/50, Batch 60/63, Loss: 0.322602
2025-03-18 19:15:20,426 - src.path_analysis - INFO - Epoch 4 completed, Average Loss: 0.393048
2025-03-18 19:15:28,829 - src.path_analysis - INFO - Epoch 5/50, Batch 0/63, Loss: 0.398773
2025-03-18 19:15:29,782 - src.path_analysis - INFO - Epoch 5/50, Batch 10/63, Loss: 0.336298
2025-03-18 19:15:30,553 - src.path_analysis - INFO - Epoch 5/50, Batch 20/63, Loss: 0.299386
2025-03-18 19:15:31,290 - src.path_analysis - INFO - Epoch 5/50, Batch 30/63, Loss: 0.269193
2025-03-18 19:15:31,959 - src.path_analysis - INFO - Epoch 5/50, Batch 40/63, Loss: 0.281664
2025-03-18 19:15:32,619 - src.path_analysis - INFO - Epoch 5/50, Batch 50/63, Loss: 0.288299
2025-03-18 19:15:33,444 - src.path_analysis - INFO - Epoch 5/50, Batch 60/63, Loss: 0.358967
2025-03-18 19:15:34,144 - src.path_analysis - INFO - Epoch 5 completed, Average Loss: 0.357699
2025-03-18 19:15:34,356 - src.path_analysis - INFO - Checkpoint saved to ./results/checkpoints/model_epoch_5_step_315.pt
2025-03-18 19:15:40,014 - src.path_analysis - INFO - Epoch 6/50, Batch 0/63, Loss: 0.360227
2025-03-18 19:15:41,290 - src.path_analysis - INFO - Epoch 6/50, Batch 10/63, Loss: 0.469323
2025-03-18 19:15:42,004 - src.path_analysis - INFO - Epoch 6/50, Batch 20/63, Loss: 0.371433
2025-03-18 19:15:42,642 - src.path_analysis - INFO - Epoch 6/50, Batch 30/63, Loss: 0.333823
2025-03-18 19:15:43,301 - src.path_analysis - INFO - Epoch 6/50, Batch 40/63, Loss: 0.332214
2025-03-18 19:15:43,939 - src.path_analysis - INFO - Epoch 6/50, Batch 50/63, Loss: 0.452127
2025-03-18 19:15:44,571 - src.path_analysis - INFO - Epoch 6/50, Batch 60/63, Loss: 0.332318
2025-03-18 19:15:45,239 - src.path_analysis - INFO - Epoch 6 completed, Average Loss: 0.336530
2025-03-18 19:15:47,902 - src.path_analysis - INFO - Epoch 7/50, Batch 0/63, Loss: 0.306687
2025-03-18 19:15:48,679 - src.path_analysis - INFO - Epoch 7/50, Batch 10/63, Loss: 0.299150
2025-03-18 19:15:49,515 - src.path_analysis - INFO - Epoch 7/50, Batch 20/63, Loss: 0.517015
2025-03-18 19:15:50,849 - src.path_analysis - INFO - Epoch 7/50, Batch 30/63, Loss: 0.284405
2025-03-18 19:15:52,159 - src.path_analysis - INFO - Epoch 7/50, Batch 40/63, Loss: 0.345864
2025-03-18 19:15:54,513 - src.path_analysis - INFO - Epoch 7/50, Batch 50/63, Loss: 0.318877
2025-03-18 19:15:55,277 - src.path_analysis - INFO - Epoch 7/50, Batch 60/63, Loss: 0.356243
2025-03-18 19:15:56,490 - src.path_analysis - INFO - Epoch 7 completed, Average Loss: 0.338686
2025-03-18 19:15:59,612 - src.path_analysis - INFO - Epoch 8/50, Batch 0/63, Loss: 0.247173
2025-03-18 19:16:00,399 - src.path_analysis - INFO - Epoch 8/50, Batch 10/63, Loss: 0.360646
2025-03-18 19:16:01,079 - src.path_analysis - INFO - Epoch 8/50, Batch 20/63, Loss: 0.346598
2025-03-18 19:16:01,738 - src.path_analysis - INFO - Epoch 8/50, Batch 30/63, Loss: 0.210861
2025-03-18 19:16:02,386 - src.path_analysis - INFO - Epoch 8/50, Batch 40/63, Loss: 0.399968
2025-03-18 19:16:03,529 - src.path_analysis - INFO - Epoch 8/50, Batch 50/63, Loss: 0.277119
2025-03-18 19:16:04,203 - src.path_analysis - INFO - Epoch 8/50, Batch 60/63, Loss: 0.264076
2025-03-18 19:16:04,853 - src.path_analysis - INFO - Epoch 8 completed, Average Loss: 0.318622
2025-03-18 19:16:07,689 - src.path_analysis - INFO - Epoch 9/50, Batch 0/63, Loss: 0.282233
2025-03-18 19:16:08,541 - src.path_analysis - INFO - Epoch 9/50, Batch 10/63, Loss: 0.299535
2025-03-18 19:16:09,233 - src.path_analysis - INFO - Epoch 9/50, Batch 20/63, Loss: 0.462286
2025-03-18 19:16:09,903 - src.path_analysis - INFO - Epoch 9/50, Batch 30/63, Loss: 0.339617
2025-03-18 19:16:10,646 - src.path_analysis - INFO - Epoch 9/50, Batch 40/63, Loss: 0.278180
2025-03-18 19:16:11,333 - src.path_analysis - INFO - Epoch 9/50, Batch 50/63, Loss: 0.443578
2025-03-18 19:16:12,004 - src.path_analysis - INFO - Epoch 9/50, Batch 60/63, Loss: 0.267681
2025-03-18 19:16:13,060 - src.path_analysis - INFO - Epoch 9 completed, Average Loss: 0.329380
2025-03-18 19:16:15,922 - src.path_analysis - INFO - Epoch 10/50, Batch 0/63, Loss: 0.330974
2025-03-18 19:16:17,186 - src.path_analysis - INFO - Epoch 10/50, Batch 10/63, Loss: 0.265135
2025-03-18 19:16:18,469 - src.path_analysis - INFO - Epoch 10/50, Batch 20/63, Loss: 0.499088
2025-03-18 19:16:19,521 - src.path_analysis - INFO - Epoch 10/50, Batch 30/63, Loss: 0.291289
2025-03-18 19:16:20,474 - src.path_analysis - INFO - Epoch 10/50, Batch 40/63, Loss: 0.356792
2025-03-18 19:16:23,854 - src.path_analysis - INFO - Epoch 10/50, Batch 50/63, Loss: 0.217654
2025-03-18 19:16:27,263 - src.path_analysis - INFO - Epoch 10/50, Batch 60/63, Loss: 0.377027
2025-03-18 19:16:28,165 - src.path_analysis - INFO - Epoch 10 completed, Average Loss: 0.316901
2025-03-18 19:16:28,356 - src.path_analysis - INFO - Checkpoint saved to ./results/checkpoints/model_epoch_10_step_630.pt
2025-03-18 19:16:29,611 - src.path_analysis - INFO - Geodesic visualization saved to ./results/visualizations/geodesics_epoch_10.png
2025-03-18 19:24:59,490 - src.path_analysis - INFO - Initialized W&B monitoring: manifold-deep-learning/sphere-5d-20250318-192458
2025-03-18 19:24:59,904 - src.path_analysis - INFO - Dataset visualization saved to ./results/visualizations/dataset.png
2025-03-18 19:25:00,452 - src.path_analysis - INFO - Initialized RicciFlow with 10 iterations, lr=0.01, device=cpu, is_spacetime=True
2025-03-18 19:25:05,592 - src.path_analysis - INFO - Epoch 1/50, Batch 0/63, Loss: 1.473942
2025-03-18 19:25:08,359 - src.path_analysis - INFO - Epoch 1/50, Batch 10/63, Loss: 0.986990
2025-03-18 19:25:09,917 - src.path_analysis - INFO - Epoch 1/50, Batch 20/63, Loss: 0.834594
2025-03-18 19:25:10,481 - src.path_analysis - INFO - Epoch 1/50, Batch 30/63, Loss: 0.622229
2025-03-18 19:25:11,075 - src.path_analysis - INFO - Epoch 1/50, Batch 40/63, Loss: 0.533498
2025-03-18 19:25:11,612 - src.path_analysis - INFO - Epoch 1/50, Batch 50/63, Loss: 0.567701
2025-03-18 19:25:12,153 - src.path_analysis - INFO - Epoch 1/50, Batch 60/63, Loss: 0.521213
2025-03-18 19:25:13,098 - src.path_analysis - INFO - Epoch 1 completed, Average Loss: 0.733365
2025-03-18 19:25:16,509 - src.path_analysis - INFO - Epoch 2/50, Batch 0/63, Loss: 0.477178
2025-03-18 19:25:17,361 - src.path_analysis - INFO - Epoch 2/50, Batch 10/63, Loss: 0.534269
2025-03-18 19:25:17,898 - src.path_analysis - INFO - Epoch 2/50, Batch 20/63, Loss: 0.466074
2025-03-18 19:25:18,393 - src.path_analysis - INFO - Epoch 2/50, Batch 30/63, Loss: 0.465535
2025-03-18 19:25:18,889 - src.path_analysis - INFO - Epoch 2/50, Batch 40/63, Loss: 0.471378
2025-03-18 19:25:19,401 - src.path_analysis - INFO - Epoch 2/50, Batch 50/63, Loss: 0.530054
2025-03-18 19:25:19,898 - src.path_analysis - INFO - Epoch 2/50, Batch 60/63, Loss: 0.482719
2025-03-18 19:25:20,578 - src.path_analysis - INFO - Epoch 2 completed, Average Loss: 0.480618
2025-03-18 19:25:25,230 - src.path_analysis - INFO - Epoch 3/50, Batch 0/63, Loss: 0.417586
2025-03-18 19:25:25,959 - src.path_analysis - INFO - Epoch 3/50, Batch 10/63, Loss: 0.436408
2025-03-18 19:25:26,503 - src.path_analysis - INFO - Epoch 3/50, Batch 20/63, Loss: 0.396423
2025-03-18 19:25:27,178 - src.path_analysis - INFO - Epoch 3/50, Batch 30/63, Loss: 0.409778
2025-03-18 19:25:27,673 - src.path_analysis - INFO - Epoch 3/50, Batch 40/63, Loss: 0.336587
2025-03-18 19:25:28,195 - src.path_analysis - INFO - Epoch 3/50, Batch 50/63, Loss: 0.433926
2025-03-18 19:25:28,694 - src.path_analysis - INFO - Epoch 3/50, Batch 60/63, Loss: 0.342316
2025-03-18 19:25:29,176 - src.path_analysis - INFO - Epoch 3 completed, Average Loss: 0.422489
2025-03-18 19:25:31,343 - src.path_analysis - INFO - Epoch 4/50, Batch 0/63, Loss: 0.329378
2025-03-18 19:25:32,005 - src.path_analysis - INFO - Epoch 4/50, Batch 10/63, Loss: 0.393858
2025-03-18 19:25:32,528 - src.path_analysis - INFO - Epoch 4/50, Batch 20/63, Loss: 0.324472
2025-03-18 19:25:33,022 - src.path_analysis - INFO - Epoch 4/50, Batch 30/63, Loss: 0.315942
2025-03-18 19:25:33,761 - src.path_analysis - INFO - Epoch 4/50, Batch 40/63, Loss: 0.530391
2025-03-18 19:25:34,444 - src.path_analysis - INFO - Epoch 4/50, Batch 50/63, Loss: 0.584126
2025-03-18 19:25:34,952 - src.path_analysis - INFO - Epoch 4/50, Batch 60/63, Loss: 0.426241
2025-03-18 19:25:35,752 - src.path_analysis - INFO - Epoch 4 completed, Average Loss: 0.387214
2025-03-18 19:25:37,993 - src.path_analysis - INFO - Epoch 5/50, Batch 0/63, Loss: 0.372045
2025-03-18 19:25:38,642 - src.path_analysis - INFO - Epoch 5/50, Batch 10/63, Loss: 0.319858
2025-03-18 19:25:39,138 - src.path_analysis - INFO - Epoch 5/50, Batch 20/63, Loss: 0.455659
2025-03-18 19:25:39,649 - src.path_analysis - INFO - Epoch 5/50, Batch 30/63, Loss: 0.470867
2025-03-18 19:25:40,153 - src.path_analysis - INFO - Epoch 5/50, Batch 40/63, Loss: 0.332313
2025-03-18 19:25:40,646 - src.path_analysis - INFO - Epoch 5/50, Batch 50/63, Loss: 0.364829
2025-03-18 19:25:41,130 - src.path_analysis - INFO - Epoch 5/50, Batch 60/63, Loss: 0.414868
2025-03-18 19:25:41,556 - src.path_analysis - INFO - Epoch 5 completed, Average Loss: 0.369481
2025-03-18 19:25:41,733 - src.path_analysis - INFO - Checkpoint saved to ./results/checkpoints/model_epoch_5_step_315.pt
2025-03-18 19:25:44,187 - src.path_analysis - INFO - Epoch 6/50, Batch 0/63, Loss: 0.380028
2025-03-18 19:25:44,802 - src.path_analysis - INFO - Epoch 6/50, Batch 10/63, Loss: 0.365706
2025-03-18 19:25:45,313 - src.path_analysis - INFO - Epoch 6/50, Batch 20/63, Loss: 0.529033
2025-03-18 19:25:45,818 - src.path_analysis - INFO - Epoch 6/50, Batch 30/63, Loss: 0.364449
2025-03-18 19:25:46,325 - src.path_analysis - INFO - Epoch 6/50, Batch 40/63, Loss: 0.405053
2025-03-18 19:25:46,832 - src.path_analysis - INFO - Epoch 6/50, Batch 50/63, Loss: 0.338669
2025-03-18 19:25:47,321 - src.path_analysis - INFO - Epoch 6/50, Batch 60/63, Loss: 0.481753
2025-03-18 19:25:47,765 - src.path_analysis - INFO - Epoch 6 completed, Average Loss: 0.352580
2025-03-18 19:25:49,893 - src.path_analysis - INFO - Epoch 7/50, Batch 0/63, Loss: 0.310641
2025-03-18 19:25:50,543 - src.path_analysis - INFO - Epoch 7/50, Batch 10/63, Loss: 0.261349
2025-03-18 19:25:51,037 - src.path_analysis - INFO - Epoch 7/50, Batch 20/63, Loss: 0.266668
2025-03-18 19:25:51,708 - src.path_analysis - INFO - Epoch 7/50, Batch 30/63, Loss: 0.238043
2025-03-18 19:25:52,222 - src.path_analysis - INFO - Epoch 7/50, Batch 40/63, Loss: 0.265807
2025-03-18 19:25:52,707 - src.path_analysis - INFO - Epoch 7/50, Batch 50/63, Loss: 0.318748
2025-03-18 19:25:53,189 - src.path_analysis - INFO - Epoch 7/50, Batch 60/63, Loss: 0.422653
2025-03-18 19:25:53,915 - src.path_analysis - INFO - Epoch 7 completed, Average Loss: 0.337096
2025-03-18 19:25:56,238 - src.path_analysis - INFO - Epoch 8/50, Batch 0/63, Loss: 0.192244
2025-03-18 19:25:56,895 - src.path_analysis - INFO - Epoch 8/50, Batch 10/63, Loss: 0.305741
2025-03-18 19:25:57,383 - src.path_analysis - INFO - Epoch 8/50, Batch 20/63, Loss: 0.372135
2025-03-18 19:25:57,877 - src.path_analysis - INFO - Epoch 8/50, Batch 30/63, Loss: 0.258841
2025-03-18 19:25:58,370 - src.path_analysis - INFO - Epoch 8/50, Batch 40/63, Loss: 0.371986
2025-03-18 19:25:58,962 - src.path_analysis - INFO - Epoch 8/50, Batch 50/63, Loss: 0.315911
2025-03-18 19:25:59,546 - src.path_analysis - INFO - Epoch 8/50, Batch 60/63, Loss: 0.343883
2025-03-18 19:26:00,021 - src.path_analysis - INFO - Epoch 8 completed, Average Loss: 0.352132
2025-03-18 19:26:02,155 - src.path_analysis - INFO - Epoch 9/50, Batch 0/63, Loss: 0.241320
2025-03-18 19:26:02,806 - src.path_analysis - INFO - Epoch 9/50, Batch 10/63, Loss: 0.266672
2025-03-18 19:26:03,297 - src.path_analysis - INFO - Epoch 9/50, Batch 20/63, Loss: 0.545925
2025-03-18 19:26:03,787 - src.path_analysis - INFO - Epoch 9/50, Batch 30/63, Loss: 0.455028
2025-03-18 19:26:04,290 - src.path_analysis - INFO - Epoch 9/50, Batch 40/63, Loss: 0.342438
2025-03-18 19:26:04,785 - src.path_analysis - INFO - Epoch 9/50, Batch 50/63, Loss: 0.239511
2025-03-18 19:26:05,269 - src.path_analysis - INFO - Epoch 9/50, Batch 60/63, Loss: 0.244003
2025-03-18 19:26:05,983 - src.path_analysis - INFO - Epoch 9 completed, Average Loss: 0.305785
2025-03-18 19:26:08,150 - src.path_analysis - INFO - Epoch 10/50, Batch 0/63, Loss: 0.275477
2025-03-18 19:26:08,909 - src.path_analysis - INFO - Epoch 10/50, Batch 10/63, Loss: 0.357349
2025-03-18 19:26:09,441 - src.path_analysis - INFO - Epoch 10/50, Batch 20/63, Loss: 0.527940
2025-03-18 19:26:10,105 - src.path_analysis - INFO - Epoch 10/50, Batch 30/63, Loss: 0.282755
2025-03-18 19:26:10,622 - src.path_analysis - INFO - Epoch 10/50, Batch 40/63, Loss: 0.502302
2025-03-18 19:27:42,364 - src.path_analysis - INFO - Initialized W&B monitoring: manifold-deep-learning/sphere-5d-20250318-192741
2025-03-18 19:27:42,870 - src.path_analysis - INFO - Dataset visualization saved to ./results/visualizations/dataset.png
2025-03-18 19:27:43,465 - src.path_analysis - INFO - Initialized RicciFlow with 10 iterations, lr=0.01, device=cpu, is_spacetime=True
2025-03-18 19:27:49,947 - src.path_analysis - INFO - Epoch 1/50, Batch 0/63, Loss: 1.504068
2025-03-18 19:27:53,469 - src.path_analysis - INFO - Epoch 1/50, Batch 10/63, Loss: 0.929948
2025-03-18 19:27:54,190 - src.path_analysis - INFO - Epoch 1/50, Batch 20/63, Loss: 0.688784
2025-03-18 19:27:54,901 - src.path_analysis - INFO - Epoch 1/50, Batch 30/63, Loss: 0.610971
2025-03-18 19:27:55,597 - src.path_analysis - INFO - Epoch 1/50, Batch 40/63, Loss: 0.634962
2025-03-18 19:27:56,362 - src.path_analysis - INFO - Epoch 1/50, Batch 50/63, Loss: 0.591238
2025-03-18 19:27:57,035 - src.path_analysis - INFO - Epoch 1/50, Batch 60/63, Loss: 0.521254
2025-03-18 19:27:57,739 - src.path_analysis - INFO - Epoch 1 completed, Average Loss: 0.731830
2025-03-18 19:28:01,009 - src.path_analysis - INFO - Epoch 2/50, Batch 0/63, Loss: 0.556728
2025-03-18 19:28:01,978 - src.path_analysis - INFO - Epoch 2/50, Batch 10/63, Loss: 0.421881
2025-03-18 19:28:02,646 - src.path_analysis - INFO - Epoch 2/50, Batch 20/63, Loss: 0.505919
2025-03-18 19:28:03,384 - src.path_analysis - INFO - Epoch 2/50, Batch 30/63, Loss: 0.443999
2025-03-18 19:28:04,049 - src.path_analysis - INFO - Epoch 2/50, Batch 40/63, Loss: 0.487123
2025-03-18 19:28:04,764 - src.path_analysis - INFO - Epoch 2/50, Batch 50/63, Loss: 0.425519
2025-03-18 19:28:05,471 - src.path_analysis - INFO - Epoch 2/50, Batch 60/63, Loss: 0.361928
2025-03-18 19:28:06,438 - src.path_analysis - INFO - Epoch 2 completed, Average Loss: 0.479653
2025-03-18 19:28:09,485 - src.path_analysis - INFO - Epoch 3/50, Batch 0/63, Loss: 0.463735
2025-03-18 19:28:10,299 - src.path_analysis - INFO - Epoch 3/50, Batch 10/63, Loss: 0.356218
2025-03-18 19:28:11,008 - src.path_analysis - INFO - Epoch 3/50, Batch 20/63, Loss: 0.557365
2025-03-18 19:28:11,869 - src.path_analysis - INFO - Epoch 3/50, Batch 30/63, Loss: 0.401394
2025-03-18 19:28:12,633 - src.path_analysis - INFO - Epoch 3/50, Batch 40/63, Loss: 0.261734
2025-03-18 19:28:13,588 - src.path_analysis - INFO - Epoch 3/50, Batch 50/63, Loss: 0.399083
2025-03-18 19:28:14,404 - src.path_analysis - INFO - Epoch 3/50, Batch 60/63, Loss: 0.403072
2025-03-18 19:28:15,058 - src.path_analysis - INFO - Epoch 3 completed, Average Loss: 0.409350
2025-03-18 19:28:18,397 - src.path_analysis - INFO - Epoch 4/50, Batch 0/63, Loss: 0.391651
2025-03-18 19:28:19,277 - src.path_analysis - INFO - Epoch 4/50, Batch 10/63, Loss: 0.422337
2025-03-18 19:28:20,518 - src.path_analysis - INFO - Epoch 4/50, Batch 20/63, Loss: 0.332117
2025-03-18 19:28:23,775 - src.path_analysis - INFO - Epoch 4/50, Batch 30/63, Loss: 0.460447
2025-03-18 19:28:27,465 - src.path_analysis - INFO - Epoch 4/50, Batch 40/63, Loss: 0.416118
2025-03-18 19:28:30,172 - src.path_analysis - INFO - Epoch 4/50, Batch 50/63, Loss: 0.378060
2025-03-18 19:28:31,359 - src.path_analysis - INFO - Epoch 4/50, Batch 60/63, Loss: 0.422038
2025-03-18 19:28:33,548 - src.path_analysis - INFO - Epoch 4 completed, Average Loss: 0.369202
2025-03-18 19:28:37,744 - src.path_analysis - INFO - Epoch 5/50, Batch 0/63, Loss: 0.388198
2025-03-18 19:28:38,668 - src.path_analysis - INFO - Epoch 5/50, Batch 10/63, Loss: 0.291551
2025-03-18 19:28:39,411 - src.path_analysis - INFO - Epoch 5/50, Batch 20/63, Loss: 0.383768
2025-03-18 19:28:40,920 - src.path_analysis - INFO - Epoch 5/50, Batch 30/63, Loss: 0.389490
2025-03-18 19:28:42,860 - src.path_analysis - INFO - Epoch 5/50, Batch 40/63, Loss: 0.228996
2025-03-18 19:28:43,579 - src.path_analysis - INFO - Epoch 5/50, Batch 50/63, Loss: 0.320598
2025-03-18 19:28:44,247 - src.path_analysis - INFO - Epoch 5/50, Batch 60/63, Loss: 0.304029
2025-03-18 19:28:44,947 - src.path_analysis - INFO - Epoch 5 completed, Average Loss: 0.360416
2025-03-18 19:28:45,191 - src.path_analysis - INFO - Checkpoint saved to ./results/checkpoints/model_epoch_5_step_315.pt
2025-03-18 19:28:51,080 - src.path_analysis - INFO - Epoch 6/50, Batch 0/63, Loss: 0.358882
2025-03-18 19:28:52,202 - src.path_analysis - INFO - Epoch 6/50, Batch 10/63, Loss: 0.303056
2025-03-18 19:28:52,697 - src.path_analysis - INFO - Epoch 6/50, Batch 20/63, Loss: 0.349700
2025-03-18 19:28:53,251 - src.path_analysis - INFO - Epoch 6/50, Batch 30/63, Loss: 0.387248
2025-03-18 19:28:54,765 - src.path_analysis - INFO - Epoch 6/50, Batch 40/63, Loss: 0.246522
2025-03-18 19:28:55,375 - src.path_analysis - INFO - Epoch 6/50, Batch 50/63, Loss: 0.336981
2025-03-18 19:28:55,882 - src.path_analysis - INFO - Epoch 6/50, Batch 60/63, Loss: 0.269563
2025-03-18 19:28:56,414 - src.path_analysis - INFO - Epoch 6 completed, Average Loss: 0.347979
2025-03-18 19:28:58,661 - src.path_analysis - INFO - Epoch 7/50, Batch 0/63, Loss: 0.389163
2025-03-18 19:28:59,344 - src.path_analysis - INFO - Epoch 7/50, Batch 10/63, Loss: 0.312490
2025-03-18 19:28:59,857 - src.path_analysis - INFO - Epoch 7/50, Batch 20/63, Loss: 0.355269
2025-03-18 19:29:00,489 - src.path_analysis - INFO - Epoch 7/50, Batch 30/63, Loss: 0.251423
2025-03-18 19:29:00,999 - src.path_analysis - INFO - Epoch 7/50, Batch 40/63, Loss: 0.362515
2025-03-18 19:29:01,521 - src.path_analysis - INFO - Epoch 7/50, Batch 50/63, Loss: 0.306521
2025-03-18 19:29:02,029 - src.path_analysis - INFO - Epoch 7/50, Batch 60/63, Loss: 0.335702
2025-03-18 19:29:02,720 - src.path_analysis - INFO - Epoch 7 completed, Average Loss: 0.335717
2025-03-18 19:29:04,839 - src.path_analysis - INFO - Epoch 8/50, Batch 0/63, Loss: 0.326787
2025-03-18 19:29:05,486 - src.path_analysis - INFO - Epoch 8/50, Batch 10/63, Loss: 0.256599
2025-03-18 19:29:05,980 - src.path_analysis - INFO - Epoch 8/50, Batch 20/63, Loss: 0.545196
2025-03-18 19:29:06,479 - src.path_analysis - INFO - Epoch 8/50, Batch 30/63, Loss: 0.297692
2025-03-18 19:29:06,973 - src.path_analysis - INFO - Epoch 8/50, Batch 40/63, Loss: 0.293261
2025-03-18 19:29:07,580 - src.path_analysis - INFO - Epoch 8/50, Batch 50/63, Loss: 0.341457
2025-03-18 19:29:08,094 - src.path_analysis - INFO - Epoch 8/50, Batch 60/63, Loss: 0.443526
2025-03-18 19:29:08,553 - src.path_analysis - INFO - Epoch 8 completed, Average Loss: 0.341280
2025-03-18 19:29:10,708 - src.path_analysis - INFO - Epoch 9/50, Batch 0/63, Loss: 0.261698
2025-03-18 19:29:11,360 - src.path_analysis - INFO - Epoch 9/50, Batch 10/63, Loss: 0.409794
2025-03-18 19:29:11,853 - src.path_analysis - INFO - Epoch 9/50, Batch 20/63, Loss: 0.319820
2025-03-18 19:29:12,356 - src.path_analysis - INFO - Epoch 9/50, Batch 30/63, Loss: 0.354318
2025-03-18 19:29:12,860 - src.path_analysis - INFO - Epoch 9/50, Batch 40/63, Loss: 0.269560
2025-03-18 19:29:13,367 - src.path_analysis - INFO - Epoch 9/50, Batch 50/63, Loss: 0.238037
2025-03-18 19:29:13,867 - src.path_analysis - INFO - Epoch 9/50, Batch 60/63, Loss: 0.652652
2025-03-18 19:29:14,612 - src.path_analysis - INFO - Epoch 9 completed, Average Loss: 0.323729
2025-03-18 19:29:17,925 - src.path_analysis - INFO - Epoch 10/50, Batch 0/63, Loss: 0.554781
2025-03-18 19:29:18,697 - src.path_analysis - INFO - Epoch 10/50, Batch 10/63, Loss: 0.378842
2025-03-18 19:29:19,253 - src.path_analysis - INFO - Epoch 10/50, Batch 20/63, Loss: 0.384030
2025-03-18 19:29:19,784 - src.path_analysis - INFO - Epoch 10/50, Batch 30/63, Loss: 0.273951
2025-03-18 19:29:20,633 - src.path_analysis - INFO - Epoch 10/50, Batch 40/63, Loss: 0.375511
2025-03-18 19:29:25,927 - src.path_analysis - INFO - Epoch 10/50, Batch 50/63, Loss: 0.316660
2025-03-18 19:29:26,957 - src.path_analysis - INFO - Epoch 10/50, Batch 60/63, Loss: 0.406960
2025-03-18 19:29:27,874 - src.path_analysis - INFO - Epoch 10 completed, Average Loss: 0.326937
2025-03-18 19:29:28,130 - src.path_analysis - INFO - Checkpoint saved to ./results/checkpoints/model_epoch_10_step_630.pt
2025-03-18 19:29:29,144 - src.path_analysis - INFO - Geodesic visualization saved to ./results/visualizations/geodesics_epoch_10.png
2025-03-18 19:29:33,484 - src.path_analysis - INFO - Epoch 11/50, Batch 0/63, Loss: 0.447802
2025-03-18 19:29:34,202 - src.path_analysis - INFO - Epoch 11/50, Batch 10/63, Loss: 0.262536
2025-03-18 19:29:34,940 - src.path_analysis - INFO - Epoch 11/50, Batch 20/63, Loss: 0.263983
2025-03-18 19:29:35,448 - src.path_analysis - INFO - Epoch 11/50, Batch 30/63, Loss: 0.306972
2025-03-18 19:29:36,043 - src.path_analysis - INFO - Epoch 11/50, Batch 40/63, Loss: 0.224685
2025-03-18 19:29:36,566 - src.path_analysis - INFO - Epoch 11/50, Batch 50/63, Loss: 0.261656
2025-03-18 19:29:37,177 - src.path_analysis - INFO - Epoch 11/50, Batch 60/63, Loss: 0.292721
2025-03-18 19:29:37,832 - src.path_analysis - INFO - Epoch 11 completed, Average Loss: 0.313437
2025-03-18 19:29:40,364 - src.path_analysis - INFO - Epoch 12/50, Batch 0/63, Loss: 0.429964
2025-03-18 19:29:41,109 - src.path_analysis - INFO - Epoch 12/50, Batch 10/63, Loss: 0.302920
2025-03-18 19:29:41,659 - src.path_analysis - INFO - Epoch 12/50, Batch 20/63, Loss: 0.326311
2025-03-18 19:29:42,215 - src.path_analysis - INFO - Epoch 12/50, Batch 30/63, Loss: 0.367825
2025-03-18 19:29:42,729 - src.path_analysis - INFO - Epoch 12/50, Batch 40/63, Loss: 0.340815
2025-03-18 19:29:43,425 - src.path_analysis - INFO - Epoch 12/50, Batch 50/63, Loss: 0.252820
2025-03-18 19:29:43,963 - src.path_analysis - INFO - Epoch 12/50, Batch 60/63, Loss: 0.256797
